
Showing logs for build [32mcb-kubecd-environment-pr-152-5-22422-1[0m stage [32mfrom-build-pack[0m and container [32mstep-credential-initializer-4p6j6[0m
{"level":"warn","ts":1579655844.708888,"logger":"fallback-logger","caller":"logging/config.go:69","msg":"Fetch GitHub commit ID from kodata failed: \"ref: refs/heads/0.8.0-**-support-backwards-incompats\" is not a valid GitHub commit ID"}
{"level":"info","ts":1579655844.709437,"logger":"fallback-logger","caller":"creds-init/main.go:40","msg":"Credentials initialized."}

Showing logs for build [32mcb-kubecd-environment-pr-152-5-22422-1[0m stage [32mfrom-build-pack[0m and container [32mstep-working-dir-initializer-rq89k[0m
{"level":"warn","ts":1579655845.6563666,"logger":"fallback-logger","caller":"logging/config.go:69","msg":"Fetch GitHub commit ID from kodata failed: open /var/run/ko/HEAD: no such file or directory"}
{"level":"info","ts":1579655845.6583405,"logger":"fallback-logger","caller":"bash/main.go:64","msg":"Successfully executed command \"sh -c mkdir -p /workspace/source\"; output "}

Showing logs for build [32mcb-kubecd-environment-pr-152-5-22422-1[0m stage [32mfrom-build-pack[0m and container [32mstep-place-tools[0m

Showing logs for build [32mcb-kubecd-environment-pr-152-5-22422-1[0m stage [32mfrom-build-pack[0m and container [32mstep-git-source-cb-kubecd-environment-pr-152-5-5822z[0m
{"level":"warn","ts":1579655849.9577904,"logger":"fallback-logger","caller":"logging/config.go:69","msg":"Fetch GitHub commit ID from kodata failed: \"ref: refs/heads/0.8.0-**-support-backwards-incompats\" is not a valid GitHub commit ID"}
{"level":"info","ts":1579655851.119734,"logger":"fallback-logger","caller":"git/git.go:103","msg":"Successfully cloned https://github.com/cb-kubecd/environment-pr-152-5-boot-gke-staging.git @ master in path /workspace/source"}

Showing logs for build [32mcb-kubecd-environment-pr-152-5-22422-1[0m stage [32mfrom-build-pack[0m and container [32mstep-git-merge[0m
Using SHAs from PULL_REFS=master:475d62892c9dc6c961542248a5503c303b99b7b1,4:4ab6a1a3f6ebdee6edbce0b551ef3c9f063b7fab
DEBUG: ran git fetch --unshallow origin 4ab6a1a3f6ebdee6edbce0b551ef3c9f063b7fab: 475d62892c9dc6c961542248a5503c303b99b7b1: in 
DEBUG: ran git checkout master in 
DEBUG: ran git reset --hard 475d62892c9dc6c961542248a5503c303b99b7b1 in 
DEBUG: ran clean --force -d . in 
DEBUG: ran git merge 4ab6a1a3f6ebdee6edbce0b551ef3c9f063b7fab in 
Merged SHA 4ab6a1a3f6ebdee6edbce0b551ef3c9f063b7fab with commit message 'chore: Promote bdd-nh-1579653907 to version 0.0.1' into base branch master

Showing logs for build [32mcb-kubecd-environment-pr-152-5-22422-1[0m stage [32mfrom-build-pack[0m and container [32mstep-build-helm-build[0m
WARNING: No $CHART_REPOSITORY defined so using the default value of: http://jenkins-x-chartmuseum:8080
Adding missing Helm repo: storage.googleapis.com https://storage.googleapis.com/chartmuseum.jenkins-x.io
WARNING: No secrets found on "helm/repos" due: reading the secret "helm/repos" from vault: no secret "helm/repos" not found in vault
Read credentials for https://storage.googleapis.com/chartmuseum.jenkins-x.io from vault helm/repos
Successfully added Helm repository storage.googleapis.com.
Adding missing Helm repo: jenkins-x-chartmuseum http://jenkins-x-chartmuseum:8080
WARNING: No secrets found on "helm/repos" due: reading the secret "helm/repos" from vault: no secret "helm/repos" not found in vault
Read credentials for http://jenkins-x-chartmuseum:8080 from vault helm/repos
Successfully added Helm repository jenkins-x-chartmuseum.
WARNING: No $CHART_REPOSITORY defined so using the default value of: http://jenkins-x-chartmuseum:8080
Adding missing Helm repo: chartmuseum.jenkins-x.io http://chartmuseum.jenkins-x.io
WARNING: No secrets found on "helm/repos" due: reading the secret "helm/repos" from vault: no secret "helm/repos" not found in vault
Read credentials for http://chartmuseum.jenkins-x.io from vault helm/repos
Successfully added Helm repository chartmuseum.jenkins-x.io.
