
Showing logs for build [32mcb-kubecd-environment-pr-152-5-xngqd-1[0m stage [32mfrom-build-pack[0m and container [32mstep-credential-initializer-zcjz7[0m
{"level":"warn","ts":1579653133.8560538,"logger":"fallback-logger","caller":"logging/config.go:69","msg":"Fetch GitHub commit ID from kodata failed: \"ref: refs/heads/0.8.0-**-support-backwards-incompats\" is not a valid GitHub commit ID"}
{"level":"info","ts":1579653133.856949,"logger":"fallback-logger","caller":"creds-init/main.go:40","msg":"Credentials initialized."}

Showing logs for build [32mcb-kubecd-environment-pr-152-5-xngqd-1[0m stage [32mfrom-build-pack[0m and container [32mstep-working-dir-initializer-kvs5w[0m
{"level":"warn","ts":1579653134.8512466,"logger":"fallback-logger","caller":"logging/config.go:69","msg":"Fetch GitHub commit ID from kodata failed: open /var/run/ko/HEAD: no such file or directory"}
{"level":"info","ts":1579653134.8558354,"logger":"fallback-logger","caller":"bash/main.go:64","msg":"Successfully executed command \"sh -c mkdir -p /workspace/source\"; output "}

Showing logs for build [32mcb-kubecd-environment-pr-152-5-xngqd-1[0m stage [32mfrom-build-pack[0m and container [32mstep-place-tools[0m

Showing logs for build [32mcb-kubecd-environment-pr-152-5-xngqd-1[0m stage [32mfrom-build-pack[0m and container [32mstep-git-source-cb-kubecd-environment-pr-152-5-xqgkr[0m
{"level":"warn","ts":1579653162.9437904,"logger":"fallback-logger","caller":"logging/config.go:69","msg":"Fetch GitHub commit ID from kodata failed: \"ref: refs/heads/0.8.0-**-support-backwards-incompats\" is not a valid GitHub commit ID"}
{"level":"info","ts":1579653164.102064,"logger":"fallback-logger","caller":"git/git.go:103","msg":"Successfully cloned https://github.com/cb-kubecd/environment-pr-152-5-boot-gke-staging.git @ master in path /workspace/source"}

Showing logs for build [32mcb-kubecd-environment-pr-152-5-xngqd-1[0m stage [32mfrom-build-pack[0m and container [32mstep-git-merge[0m
Using SHAs from PULL_REFS=master:4001a6af1833dfe26994eace25f4213861c2912d,1:36c46b8001f2bbd001ef03e3512ab567fa7e1f5d
DEBUG: ran git fetch --unshallow origin 36c46b8001f2bbd001ef03e3512ab567fa7e1f5d: 4001a6af1833dfe26994eace25f4213861c2912d: in 
DEBUG: ran git checkout master in 
DEBUG: ran git reset --hard 4001a6af1833dfe26994eace25f4213861c2912d in 
DEBUG: ran clean --force -d . in 
DEBUG: ran git merge 36c46b8001f2bbd001ef03e3512ab567fa7e1f5d in 
Merged SHA 36c46b8001f2bbd001ef03e3512ab567fa7e1f5d with commit message 'chore: Promote bdd-spring-1579652796 to version 0.0.1' into base branch master

Showing logs for build [32mcb-kubecd-environment-pr-152-5-xngqd-1[0m stage [32mfrom-build-pack[0m and container [32mstep-build-helm-build[0m
WARNING: No $CHART_REPOSITORY defined so using the default value of: http://jenkins-x-chartmuseum:8080
Adding missing Helm repo: storage.googleapis.com https://storage.googleapis.com/chartmuseum.jenkins-x.io
WARNING: No secrets found on "helm/repos" due: reading the secret "helm/repos" from vault: no secret "helm/repos" not found in vault
Read credentials for https://storage.googleapis.com/chartmuseum.jenkins-x.io from vault helm/repos
Successfully added Helm repository storage.googleapis.com.
Adding missing Helm repo: jenkins-x-chartmuseum http://jenkins-x-chartmuseum:8080
WARNING: No secrets found on "helm/repos" due: reading the secret "helm/repos" from vault: no secret "helm/repos" not found in vault
Read credentials for http://jenkins-x-chartmuseum:8080 from vault helm/repos
Successfully added Helm repository jenkins-x-chartmuseum.
WARNING: No $CHART_REPOSITORY defined so using the default value of: http://jenkins-x-chartmuseum:8080
Adding missing Helm repo: chartmuseum.jenkins-x.io http://chartmuseum.jenkins-x.io
WARNING: No secrets found on "helm/repos" due: reading the secret "helm/repos" from vault: no secret "helm/repos" not found in vault
Read credentials for http://chartmuseum.jenkins-x.io from vault helm/repos
Successfully added Helm repository chartmuseum.jenkins-x.io.
